

Started GET "/" for 127.0.0.1 at 2015-08-09 19:29:57 -0300
Processing by Rails::WelcomeController#index as HTML
  Rendered /home/raissa/.rvm/gems/ruby-2.2.2@js4girlsRJ-rails-api/gems/railties-4.2.3/lib/rails/templates/rails/welcome/index.html.erb (1.5ms)
Completed 200 OK in 26ms (Views: 25.8ms | ActiveRecord: 0.0ms)
  [1m[36m (127.7ms)[0m  [1mCREATE TABLE "schema_migrations" ("version" character varying NOT NULL) [0m
  [1m[35m (116.9ms)[0m  CREATE UNIQUE INDEX  "unique_schema_migrations" ON "schema_migrations"  ("version")
  [1m[36mActiveRecord::SchemaMigration Load (0.3ms)[0m  [1mSELECT "schema_migrations".* FROM "schema_migrations"[0m
Migrating to CreateContacts (20150809230848)
  [1m[35m (0.2ms)[0m  BEGIN
  [1m[36m (362.8ms)[0m  [1mCREATE TABLE "contacts" ("id" serial primary key, "name" character varying, "email" character varying, "city_state" character varying, "country" character varying, "created_at" timestamp NOT NULL, "updated_at" timestamp NOT NULL) [0m
  [1m[35mSQL (0.4ms)[0m  INSERT INTO "schema_migrations" ("version") VALUES ($1)  [["version", "20150809230848"]]
  [1m[36m (34.5ms)[0m  [1mCOMMIT[0m
  [1m[35mActiveRecord::SchemaMigration Load (0.2ms)[0m  SELECT "schema_migrations".* FROM "schema_migrations"
  [1m[36m (2.6ms)[0m  [1mSELECT t2.oid::regclass::text AS to_table, a1.attname AS column, a2.attname AS primary_key, c.conname AS name, c.confupdtype AS on_update, c.confdeltype AS on_delete
FROM pg_constraint c
JOIN pg_class t1 ON c.conrelid = t1.oid
JOIN pg_class t2 ON c.confrelid = t2.oid
JOIN pg_attribute a1 ON a1.attnum = c.conkey[1] AND a1.attrelid = t1.oid
JOIN pg_attribute a2 ON a2.attnum = c.confkey[1] AND a2.attrelid = t2.oid
JOIN pg_namespace t3 ON c.connamespace = t3.oid
WHERE c.contype = 'f'
  AND t1.relname = 'contacts'
  AND t3.nspname = ANY (current_schemas(false))
ORDER BY c.conname
[0m
